-------------------------------------------------------------------------------
Test set: dev.mateusm.env.EnvTest
-------------------------------------------------------------------------------
Tests run: 2, Failures: 1, Errors: 0, Skipped: 0, Time elapsed: 0.046 s <<< FAILURE! - in dev.mateusm.env.EnvTest
shouldThrowWhenWhenFileHasBadSyntax1(dev.mateusm.env.EnvTest)  Time elapsed: 0.009 s  <<< FAILURE!
java.lang.AssertionError: unexpected exception type thrown; expected:<dev.mateusm.env.exceptions.BadEnvFileException> but was:<java.io.FileNotFoundException>
	at dev.mateusm.env.EnvTest.shouldThrowWhenWhenFileHasBadSyntax1(EnvTest.java:21)
Caused by: java.io.FileNotFoundException
	at dev.mateusm.env.EnvTest.lambda$1(EnvTest.java:21)
	at dev.mateusm.env.EnvTest.shouldThrowWhenWhenFileHasBadSyntax1(EnvTest.java:21)

