<?xml version="1.0" encoding="UTF-8"?>
<testsuite xmlns:xsi="http://www.w3.org/2001/XMLSchema-instance" xsi:noNamespaceSchemaLocation="https://maven.apache.org/surefire/maven-surefire-plugin/xsd/surefire-test-report.xsd" name="dev.mateusm.env.EnvTest" time="0.056" tests="11" errors="0" skipped="0" failures="0">
  <properties>
[...]
</properties>
  <testcase name="shouldThrowWhenLineHasOnlyKey" classname="dev.mateusm.env.EnvTest" time="0.014"/>
  <testcase name="shouldBeEmptyWithEmptyFile" classname="dev.mateusm.env.EnvTest" time="0"/>
  <testcase name="shouldThrowWhenOneLineHasOnlyKey" classname="dev.mateusm.env.EnvTest" time="0.001"/>
  <testcase name="shouldOverwriteValueForRepeatedKey" classname="dev.mateusm.env.EnvTest" time="0.001"/>
  <testcase name="shouldProperlyParseFileWithSingleLine" classname="dev.mateusm.env.EnvTest" time="0.001"/>
  <testcase name="shouldThrowWhenEnvFileDoesntExist" classname="dev.mateusm.env.EnvTest" time="0.001"/>
  <testcase name="shouldIgnoreLeadingWhitespacesInLine" classname="dev.mateusm.env.EnvTest" time="0.001"/>
  <testcase name="shouldThrowWhenWhenLineHasValueWithoutKey" classname="dev.mateusm.env.EnvTest" time="0.002"/>
  <testcase name="shouldProperlyParseFileWithMultipleLines" classname="dev.mateusm.env.EnvTest" time="0.001"/>
  <testcase name="shouldThrowWhenFileHasLineOfValueWithoutKeyAndOtherLines" classname="dev.mateusm.env.EnvTest" time="0.002"/>
  <testcase name="shouldThrowWhenOneLineHasNeitherKeyNorValue" classname="dev.mateusm.env.EnvTest" time="0.001"/>
</testsuite>