<?xml version="1.0" encoding="UTF-8"?>
<testsuite xmlns:xsi="http://www.w3.org/2001/XMLSchema-instance" xsi:noNamespaceSchemaLocation="https://maven.apache.org/surefire/maven-surefire-plugin/xsd/surefire-test-report.xsd" name="dev.mateusm.env.EnvTest" time="0.046" tests="2" errors="0" skipped="0" failures="1">
  <properties>
[...]
</properties>
  <testcase name="shouldThrowWhenWhenFileHasBadSyntax1" classname="dev.mateusm.env.EnvTest" time="0.009">
    <failure message="unexpected exception type thrown; expected:&lt;dev.mateusm.env.exceptions.BadEnvFileException&gt; but was:&lt;java.io.FileNotFoundException&gt;" type="java.lang.AssertionError"><![CDATA[java.lang.AssertionError: unexpected exception type thrown; expected:<dev.mateusm.env.exceptions.BadEnvFileException> but was:<java.io.FileNotFoundException>
	at dev.mateusm.env.EnvTest.shouldThrowWhenWhenFileHasBadSyntax1(EnvTest.java:21)
Caused by: java.io.FileNotFoundException
	at dev.mateusm.env.EnvTest.lambda$1(EnvTest.java:21)
	at dev.mateusm.env.EnvTest.shouldThrowWhenWhenFileHasBadSyntax1(EnvTest.java:21)
]]></failure>
  </testcase>
  <testcase name="shouldThrowWhenEnvFileDoesntExistWithParameter" classname="dev.mateusm.env.EnvTest" time="0"/>
</testsuite>